<?xml version="1.0" encoding="UTF-8"?>
<testsuite name='test.osgi.enroute.examples.eval.test' tests='2' time='0.35' failures='0' skipped='0' target='reference:file:/Users/aqute/.m2/repository/org/osgi/osgi.enroute.examples.eval.test/1.0.0-SNAPSHOT/osgi.enroute.examples.eval.test-1.0.0-SNAPSHOT.jar' timestamp='2016-10-05T18:41:36' hostname='zeno-5.local' framework='org.eclipse.osgi_3.10.100.v20150529-1857 [0]' errors='0' framework-version='3.10.100.v20150529-1857'>
  <properties>
    <property name='java.vendor' value='Oracle Corporation'/>
    <property name='sun.java.launcher' value='SUN_STANDARD'/>
    <property name='sun.management.compiler' value='HotSpot 64-Bit Tiered Compilers'/>
    <property name='os.name' value='Mac OS X'/>
    <property name='sun.boot.class.path' value='/Library/Java/JavaVirtualMachines/jdk1.8.0_25.jdk/Contents/Home/jre/lib/resources.jar:/Library/Java/JavaVirtualMachines/jdk1.8.0_25.jdk/Contents/Home/jre/lib/rt.jar:/Library/Java/JavaVirtualMachines/jdk1.8.0_25.jdk/Contents/Home/jre/lib/sunrsasign.jar:/Library/Java/JavaVirtualMachines/jdk1.8.0_25.jdk/Contents/Home/jre/lib/jsse.jar:/Library/Java/JavaVirtualMachines/jdk1.8.0_25.jdk/Contents/Home/jre/lib/jce.jar:/Library/Java/JavaVirtualMachines/jdk1.8.0_25.jdk/Contents/Home/jre/lib/charsets.jar:/Library/Java/JavaVirtualMachines/jdk1.8.0_25.jdk/Contents/Home/jre/lib/jfr.jar:/Library/Java/JavaVirtualMachines/jdk1.8.0_25.jdk/Contents/Home/jre/classes'/>
    <property name='tester.continuous' value='false'/>
    <property name='user.country.format' value='NL'/>
    <property name='java.vm.specification.vendor' value='Oracle Corporation'/>
    <property name='java.runtime.version' value='1.8.0_25-b17'/>
    <property name='launch.services' value='true'/>
    <property name='launch.notificationPort' value='-1'/>
    <property name='launcher.properties' value='"/Ws/enroute/osgi.enroute.examples.eval/integration-test/generated/launch7057057041398959509.properties"'/>
    <property name='user.name' value='aqute'/>
    <property name='user.language.format' value='nl'/>
    <property name='launch.bundles' value='/Users/aqute/.m2/repository/org/apache/felix/org.apache.felix.configadmin/1.8.8/org.apache.felix.configadmin-1.8.8.jar,/Users/aqute/.m2/repository/org/apache/felix/org.apache.felix.scr/2.0.2/org.apache.felix.scr-2.0.2.jar,/Users/aqute/.m2/repository/org/osgi/org.eclipse.equinox.metatype/1.4.100.v20150408-1437/org.eclipse.equinox.metatype-1.4.100.v20150408-1437.jar,/Users/aqute/.m2/repository/org/osgi/org.osgi.service.metatype/1.3.0/org.osgi.service.metatype-1.3.0.jar,/Users/aqute/.m2/repository/org/osgi/osgi.enroute.examples.eval.parsii.provider/1.0.0-SNAPSHOT/osgi.enroute.examples.eval.parsii.provider-1.0.0-SNAPSHOT.jar,/Users/aqute/.m2/repository/org/osgi/osgi.enroute.examples.eval.test/1.0.0-SNAPSHOT/osgi.enroute.examples.eval.test-1.0.0-SNAPSHOT.jar,/Users/aqute/.m2/repository/org/osgi/osgi.enroute.hamcrest.wrapper/1.3.0-SNAPSHOT/osgi.enroute.hamcrest.wrapper-1.3.0-SNAPSHOT.jar,/Users/aqute/.m2/repository/org/osgi/osgi.enroute.junit.wrapper/4.12.0-SNAPSHOT/osgi.enroute.junit.wrapper-4.12.0-SNAPSHOT.jar,/Users/aqute/.bnd/default-ws/cnf/cache/3.4.0/bnd-cache/biz.aQute.tester/biz.aQute.tester-3.4.0.jar'/>
    <property name='tester.trace' value='true'/>
    <property name='user.language' value='en'/>
    <property name='sun.boot.library.path' value='/Library/Java/JavaVirtualMachines/jdk1.8.0_25.jdk/Contents/Home/jre/lib'/>
    <property name='java.version' value='1.8.0_25'/>
    <property name='user.timezone' value='Europe/Paris'/>
    <property name='tester.dir' value='/Ws/enroute/osgi.enroute.examples.eval/integration-test'/>
    <property name='tester.unresolved' value='true'/>
    <property name='sun.arch.data.model' value='64'/>
    <property name='http.nonProxyHosts' value='local|*.local|169.254/16|*.169.254/16'/>
    <property name='java.endorsed.dirs' value='/Library/Java/JavaVirtualMachines/jdk1.8.0_25.jdk/Contents/Home/jre/lib/endorsed'/>
    <property name='sun.cpu.isalist' value=''/>
    <property name='sun.jnu.encoding' value='UTF-8'/>
    <property name='file.encoding.pkg' value='sun.io'/>
    <property name='launch.noreferences' value='false'/>
    <property name='file.separator' value='/'/>
    <property name='java.specification.name' value='Java Platform API Specification'/>
    <property name='java.class.version' value='52.0'/>
    <property name='user.country' value='US'/>
    <property name='java.home' value='/Library/Java/JavaVirtualMachines/jdk1.8.0_25.jdk/Contents/Home/jre'/>
    <property name='java.vm.info' value='mixed mode'/>
    <property name='os.version' value='10.11.5'/>
    <property name='path.separator' value=':'/>
    <property name='java.vm.version' value='25.25-b02'/>
    <property name='java.awt.printerjob' value='sun.lwawt.macosx.CPrinterJob'/>
    <property name='sun.io.unicode.encoding' value='UnicodeBig'/>
    <property name='awt.toolkit' value='sun.lwawt.macosx.LWCToolkit'/>
    <property name='socksNonProxyHosts' value='local|*.local|169.254/16|*.169.254/16'/>
    <property name='ftp.nonProxyHosts' value='local|*.local|169.254/16|*.169.254/16'/>
    <property name='user.home' value='/Users/aqute'/>
    <property name='java.specification.vendor' value='Oracle Corporation'/>
    <property name='java.library.path' value='/Users/aqute/Library/Java/Extensions:/Library/Java/Extensions:/Network/Library/Java/Extensions:/System/Library/Java/Extensions:/usr/lib/java:.'/>
    <property name='java.vendor.url' value='http://java.oracle.com/'/>
    <property name='java.vm.vendor' value='Oracle Corporation'/>
    <property name='gopherProxySet' value='false'/>
    <property name='java.runtime.name' value='Java(TM) SE Runtime Environment'/>
    <property name='sun.java.command' value='aQute.launcher.Launcher'/>
    <property name='java.class.path' value='/Users/aqute/.m2/repository/org/osgi/org.eclipse.osgi/3.10.100.v20150529-1857/org.eclipse.osgi-3.10.100.v20150529-1857.jar:/Users/aqute/.bnd/default-ws/cnf/cache/3.4.0/bnd-cache/biz.aQute.launcher/biz.aQute.launcher-3.4.0.jar'/>
    <property name='launch.system.capabilities' value='native_capability'/>
    <property name='launch.name' value='integration-test'/>
    <property name='launch.timeout' value='0'/>
    <property name='launch.storage.dir' value='/Ws/enroute/osgi.enroute.examples.eval/integration-test/generated/fw'/>
    <property name='launch.keep' value='false'/>
    <property name='java.vm.specification.name' value='Java Virtual Machine Specification'/>
    <property name='java.vm.specification.version' value='1.8'/>
    <property name='sun.cpu.endian' value='little'/>
    <property name='sun.os.patch.level' value='unknown'/>
    <property name='java.io.tmpdir' value='/var/folders/z8/0_lqm23n62s80gq9hwt7zy200000gq/T/'/>
    <property name='java.vendor.url.bug' value='http://bugreport.sun.com/bugreport/'/>
    <property name='os.arch' value='x86_64'/>
    <property name='java.awt.graphicsenv' value='sun.awt.CGraphicsEnvironment'/>
    <property name='java.ext.dirs' value='/Users/aqute/Library/Java/Extensions:/Library/Java/JavaVirtualMachines/jdk1.8.0_25.jdk/Contents/Home/jre/lib/ext:/Library/Java/Extensions:/Network/Library/Java/Extensions:/System/Library/Java/Extensions:/usr/lib/java'/>
    <property name='user.dir' value='/Ws/enroute/osgi.enroute.examples.eval/integration-test/tmp'/>
    <property name='launch.trace' value='true'/>
    <property name='line.separator' value='
'/>
    <property name='java.vm.name' value='Java HotSpot(TM) 64-Bit Server VM'/>
    <property name='launch.embedded' value='false'/>
    <property name='launch.activators' value=''/>
    <property name='file.encoding' value='UTF-8'/>
    <property name='launch.system.packages' value='javax.script,org.eclipse.core.runtime.adaptor;x-friends:="org.eclipse.core.runtime",org.eclipse.core.runtime.internal.adaptor;x-internal:=true,org.eclipse.equinox.log;version="1.0",org.eclipse.osgi.container;version="1.0",org.eclipse.osgi.container.builders;version="1.0",org.eclipse.osgi.container.namespaces;version="1.0",org.eclipse.osgi.framework.console;version="1.1",org.eclipse.osgi.framework.eventmgr;version="1.2",org.eclipse.osgi.framework.internal.reliablefile;x-internal:=true,org.eclipse.osgi.framework.log;version="1.1",org.eclipse.osgi.framework.util;x-internal:=true,org.eclipse.osgi.internal.debug;x-internal:=true,org.eclipse.osgi.internal.framework;x-internal:=true,org.eclipse.osgi.internal.hookregistry;x-friends:="org.eclipse.osgi.tests",org.eclipse.osgi.internal.loader;x-internal:=true,org.eclipse.osgi.internal.loader.buddy;x-internal:=true,org.eclipse.osgi.internal.loader.classpath;x-internal:=true,org.eclipse.osgi.internal.loader.sources;x-internal:=true,org.eclipse.osgi.internal.location;x-internal:=true,org.eclipse.osgi.internal.messages;x-internal:=true,org.eclipse.osgi.internal.provisional.service.security;version="1.0.0";x-friends:="org.eclipse.equinox.security.ui",org.eclipse.osgi.internal.provisional.verifier;x-friends:="org.eclipse.update.core,org.eclipse.ui.workbench,org.eclipse.equinox.p2.artifact.repository",org.eclipse.osgi.internal.service.security;x-friends:="org.eclipse.equinox.security.ui",org.eclipse.osgi.internal.serviceregistry;x-internal:=true,org.eclipse.osgi.internal.signedcontent;x-internal:=true,org.eclipse.osgi.internal.url;x-internal:=true,org.eclipse.osgi.launch;version="1.0",org.eclipse.osgi.report.resolution;version="1.0",org.eclipse.osgi.service.datalocation;version="1.3",org.eclipse.osgi.service.debug;version="1.2",org.eclipse.osgi.service.environment;version="1.3",org.eclipse.osgi.service.localization;version="1.1",org.eclipse.osgi.service.pluginconversion;version="1.0",org.eclipse.osgi.service.resolver;version="1.6",org.eclipse.osgi.service.runnable;version="1.1",org.eclipse.osgi.service.security;version="1.0",org.eclipse.osgi.service.urlconversion;version="1.0",org.eclipse.osgi.signedcontent;version="1.0",org.eclipse.osgi.storage;x-friends:="org.eclipse.osgi.tests",org.eclipse.osgi.storage.bundlefile;x-internal:=true,org.eclipse.osgi.storage.url.reference;x-internal:=true,org.eclipse.osgi.storagemanager;version="1.0",org.eclipse.osgi.util;version="1.1",org.osgi.dto;version="1.0",org.osgi.framework;version="1.8",org.osgi.framework.dto;version="1.8",org.osgi.framework.hooks.bundle;version="1.1",org.osgi.framework.hooks.resolver;version="1.0",org.osgi.framework.hooks.service;version="1.1",org.osgi.framework.hooks.weaving;version="1.1",org.osgi.framework.launch;version="1.2",org.osgi.framework.namespace;version="1.1",org.osgi.framework.startlevel;version="1.0",org.osgi.framework.startlevel.dto;version="1.0",org.osgi.framework.wiring;version="1.2",org.osgi.framework.wiring.dto;version="1.2",org.osgi.resource;version="1.0",org.osgi.resource.dto;version="1.0",org.osgi.service.condpermadmin;version="1.1.1",org.osgi.service.log;version="1.3",org.osgi.service.packageadmin;version="1.2",org.osgi.service.permissionadmin;version="1.2",org.osgi.service.resolver;version="1.0.1",org.osgi.service.startlevel;version="1.1",org.osgi.service.url;version="1.0",org.osgi.util.tracker;version="1.5.1"'/>
    <property name='java.specification.version' value='1.8'/>
  </properties>
  <testcase name='testEval' time='0.20' classname='osgi.enroute.examples.eval.test.EvalTest'/>
</testsuite>